<?xml version="1.0" encoding="UTF-8"?>
<!-- Generated by org.testng.reporters.JUnitXMLReporter -->
<testsuite ignored="0" hostname="DESKTOP-NS38PK1" failures="1" tests="2" name="fblogin" time="12.561" errors="0" timestamp="09 Feb 2024 21:26:44 GMT">
  <testcase classname="org.TestNGSpecialCase.HardAssertClass" name="fbPage" time="12.473"/>
  <testcase classname="org.TestNGSpecialCase.HardAssertClass" name="istagramPage" time="0.0">
    <failure type="org.testng.TestNGException" message="
Parameter &amp;apos;browser&amp;apos; is required by @Test on method istagramPage but has not been marked @Optional or defined
in C:\Users\User\eclipse-workspace\TestngWork\hardassert.xml">
      <![CDATA[org.testng.TestNGException: 
Parameter 'browser' is required by @Test on method istagramPage but has not been marked @Optional or defined
in C:\Users\User\eclipse-workspace\TestngWork\hardassert.xml
... Removed 24 stack frames]]>
    </failure>
  </testcase> <!-- istagramPage -->
</testsuite> <!-- fblogin -->
