<?xml version="1.0" encoding="UTF-8"?>
<!-- Generated by org.testng.reporters.JUnitReportReporter -->
<testsuite hostname="DESKTOP-NS38PK1" failures="0" tests="4" name="org.TestNGSpecialCase.HardAssertClass" time="91.670" errors="1" timestamp="09 Feb 2024 21:28:04 GMT" skipped="0">
  <testcase classname="org.TestNGSpecialCase.HardAssertClass" name="fbPage" time="12.473"/>
  <testcase classname="org.TestNGSpecialCase.HardAssertClass" name="fbPage" time="13.202"/>
  <testcase classname="org.TestNGSpecialCase.HardAssertClass" name="istagramPage" time="65.995"/>
  <testcase classname="org.TestNGSpecialCase.HardAssertClass" name="istagramPage" time="0.000">
    <error message="
Parameter &#039;browser&#039; is required by @Test on method istagramPage but has not been marked @Optional or defined
in C:\Users\User\eclipse-workspace\TestngWork\hardassert.xml" type="org.testng.TestNGException">
      <![CDATA[org.testng.TestNGException: 
Parameter 'browser' is required by @Test on method istagramPage but has not been marked @Optional or defined
in C:\Users\User\eclipse-workspace\TestngWork\hardassert.xml
at org.testng.internal.Parameters.createParams(Parameters.java:290)
at org.testng.internal.Parameters.createParametersForMethod(Parameters.java:359)
at org.testng.internal.Parameters.createParameters(Parameters.java:620)
at org.testng.internal.Parameters.handleParameters(Parameters.java:769)
at org.testng.internal.ParameterHandler.handleParameters(ParameterHandler.java:49)
at org.testng.internal.ParameterHandler.createParameters(ParameterHandler.java:37)
at org.testng.internal.Invoker.invokeTestMethods(Invoker.java:924)
at org.testng.internal.TestMethodWorker.invokeTestMethods(TestMethodWorker.java:125)
at org.testng.internal.TestMethodWorker.run(TestMethodWorker.java:109)
at org.testng.TestRunner.privateRun(TestRunner.java:648)
at org.testng.TestRunner.run(TestRunner.java:505)
at org.testng.SuiteRunner.runTest(SuiteRunner.java:455)
at org.testng.SuiteRunner.runSequentially(SuiteRunner.java:450)
at org.testng.SuiteRunner.privateRun(SuiteRunner.java:415)
at org.testng.SuiteRunner.run(SuiteRunner.java:364)
at org.testng.SuiteRunnerWorker.runSuite(SuiteRunnerWorker.java:52)
at org.testng.SuiteRunnerWorker.run(SuiteRunnerWorker.java:84)
at org.testng.TestNG.runSuitesSequentially(TestNG.java:1208)
at org.testng.TestNG.runSuitesLocally(TestNG.java:1137)
at org.testng.TestNG.runSuites(TestNG.java:1049)
at org.testng.TestNG.run(TestNG.java:1017)
at org.testng.remote.AbstractRemoteTestNG.run(AbstractRemoteTestNG.java:115)
at org.testng.remote.RemoteTestNG.initAndRun(RemoteTestNG.java:251)
at org.testng.remote.RemoteTestNG.main(RemoteTestNG.java:77)
]]>
    </error>
  </testcase> <!-- istagramPage -->
</testsuite> <!-- org.TestNGSpecialCase.HardAssertClass -->
